<?xml version="1.0" encoding="UTF-8"?>
<!-- Generated by org.testng.reporters.JUnitReportReporter -->
<testsuite hostname="ITT-SUSHANTRAJ" failures="0" tests="1" name="books.TC_DWS_001_Test" time="4.484" errors="0" timestamp="2025-03-30T10:30:48 IST" skipped="0">
  <testcase classname="books.TC_DWS_001_Test" name="clickOnBooks" time="4.484"/>
  <system-out/>
</testsuite> <!-- books.TC_DWS_001_Test -->
