<?xml version="1.0" encoding="UTF-8"?>
<!-- Generated by org.testng.reporters.JUnitReportReporter -->
<testsuite hostname="ITT-SUSHANTRAJ" failures="0" tests="1" name="Electronics.TC_DWS_003_Test" time="5.149" errors="0" timestamp="2025-03-29T23:12:20 IST" skipped="0">
  <testcase classname="Electronics.TC_DWS_003_Test" name="clickOnElectronic" time="5.149"/>
  <system-out/>
</testsuite> <!-- Electronics.TC_DWS_003_Test -->
