<?xml version="1.0" encoding="UTF-8"?>
<!-- Generated by org.testng.reporters.JUnitReportReporter -->
<testsuite hostname="ITT-SUSHANTRAJ" failures="0" tests="1" name="Computers.TC_DWS_002_Test" time="5.088" errors="0" timestamp="2025-03-29T23:15:45 IST" skipped="0">
  <testcase classname="Computers.TC_DWS_002_Test" name="clickOnComputer" time="5.088"/>
  <system-out/>
</testsuite> <!-- Computers.TC_DWS_002_Test -->
